This is pdfTeX, Version 3.1415926-2.4-1.40.13 (TeX Live 2012) (format=pdflatex 2012.6.30)  28 DEC 2014 14:23
entering extended mode
 restricted \write18 enabled.
 file:line:error style messages enabled.
 %&-line parsing enabled.
**writeup.tex
(./writeup.tex
LaTeX2e <2011/06/27>
Babel <v3.8m> and hyphenation patterns for english, dumylang, nohyphenation, ge
rman-x-2012-05-30, ngerman-x-2012-05-30, afrikaans, ancientgreek, ibycus, arabi
c, armenian, basque, bulgarian, catalan, pinyin, coptic, croatian, czech, danis
h, dutch, ukenglish, usenglishmax, esperanto, estonian, ethiopic, farsi, finnis
h, french, friulan, galician, german, ngerman, swissgerman, monogreek, greek, h
ungarian, icelandic, assamese, bengali, gujarati, hindi, kannada, malayalam, ma
rathi, oriya, panjabi, tamil, telugu, indonesian, interlingua, irish, italian, 
kurmanji, latin, latvian, lithuanian, mongolian, mongolianlmc, bokmal, nynorsk,
 polish, portuguese, romanian, romansh, russian, sanskrit, serbian, serbianc, s
lovak, slovenian, spanish, swedish, turkish, turkmen, ukrainian, uppersorbian, 
welsh, loaded.
(/usr/local/texlive/2012/texmf-dist/tex/latex/base/article.cls
Document Class: article 2007/10/19 v1.4h Standard LaTeX document class
(/usr/local/texlive/2012/texmf-dist/tex/latex/base/size10.clo
File: size10.clo 2007/10/19 v1.4h Standard LaTeX file (size option)
)
\c@part=\count79
\c@section=\count80
\c@subsection=\count81
\c@subsubsection=\count82
\c@paragraph=\count83
\c@subparagraph=\count84
\c@figure=\count85
\c@table=\count86
\abovecaptionskip=\skip41
\belowcaptionskip=\skip42
\bibindent=\dimen102
)
(/usr/local/texlive/2012/texmf-dist/tex/latex/graphics/graphicx.sty
Package: graphicx 1999/02/16 v1.0f Enhanced LaTeX Graphics (DPC,SPQR)

(/usr/local/texlive/2012/texmf-dist/tex/latex/graphics/keyval.sty
Package: keyval 1999/03/16 v1.13 key=value parser (DPC)
\KV@toks@=\toks14
)
(/usr/local/texlive/2012/texmf-dist/tex/latex/graphics/graphics.sty
Package: graphics 2009/02/05 v1.0o Standard LaTeX Graphics (DPC,SPQR)

(/usr/local/texlive/2012/texmf-dist/tex/latex/graphics/trig.sty
Package: trig 1999/03/16 v1.09 sin cos tan (DPC)
)
(/usr/local/texlive/2012/texmf-dist/tex/latex/latexconfig/graphics.cfg
File: graphics.cfg 2010/04/23 v1.9 graphics configuration of TeX Live
)
Package graphics Info: Driver file: pdftex.def on input line 91.

(/usr/local/texlive/2012/texmf-dist/tex/latex/pdftex-def/pdftex.def
File: pdftex.def 2011/05/27 v0.06d Graphics/color for pdfTeX

(/usr/local/texlive/2012/texmf-dist/tex/generic/oberdiek/infwarerr.sty
Package: infwarerr 2010/04/08 v1.3 Providing info/warning/error messages (HO)
)
(/usr/local/texlive/2012/texmf-dist/tex/generic/oberdiek/ltxcmds.sty
Package: ltxcmds 2011/11/09 v1.22 LaTeX kernel commands for general use (HO)
)
\Gread@gobject=\count87
))
\Gin@req@height=\dimen103
\Gin@req@width=\dimen104
)
(/usr/local/texlive/2012/texmf-dist/tex/latex/graphics/color.sty
Package: color 2005/11/14 v1.0j Standard LaTeX Color (DPC)

(/usr/local/texlive/2012/texmf-dist/tex/latex/latexconfig/color.cfg
File: color.cfg 2007/01/18 v1.5 color configuration of teTeX/TeXLive
)
Package color Info: Driver file: pdftex.def on input line 130.
)
(/usr/local/texlive/2012/texmf-dist/tex/latex/framed/framed.sty
Package: framed 2011/10/22 v 0.96: framed or shaded text with page breaks
\OuterFrameSep=\skip43
\fb@frw=\dimen105
\fb@frh=\dimen106
\FrameRule=\dimen107
\FrameSep=\dimen108
)
(/usr/local/texlive/2012/texmf-dist/tex/latex/base/alltt.sty
Package: alltt 1997/06/16 v2.0g defines alltt environment
)
(/usr/local/texlive/2012/texmf-dist/tex/latex/fancyhdr/fancyhdr.sty
\fancy@headwidth=\skip44
\f@ncyO@elh=\skip45
\f@ncyO@erh=\skip46
\f@ncyO@olh=\skip47
\f@ncyO@orh=\skip48
\f@ncyO@elf=\skip49
\f@ncyO@erf=\skip50
\f@ncyO@olf=\skip51
\f@ncyO@orf=\skip52
)
(/usr/local/texlive/2012/texmf-dist/tex/latex/amscls/amsthm.sty
Package: amsthm 2009/07/02 v2.20.1
\thm@style=\toks15
\thm@bodyfont=\toks16
\thm@headfont=\toks17
\thm@notefont=\toks18
\thm@headpunct=\toks19
\thm@preskip=\skip53
\thm@postskip=\skip54
\thm@headsep=\skip55
\dth@everypar=\toks20
)
(/usr/local/texlive/2012/texmf-dist/tex/latex/amsmath/amsmath.sty
Package: amsmath 2000/07/18 v2.13 AMS math features
\@mathmargin=\skip56

For additional information on amsmath, use the `?' option.
(/usr/local/texlive/2012/texmf-dist/tex/latex/amsmath/amstext.sty
Package: amstext 2000/06/29 v2.01

(/usr/local/texlive/2012/texmf-dist/tex/latex/amsmath/amsgen.sty
File: amsgen.sty 1999/11/30 v2.0
\@emptytoks=\toks21
\ex@=\dimen109
))
(/usr/local/texlive/2012/texmf-dist/tex/latex/amsmath/amsbsy.sty
Package: amsbsy 1999/11/29 v1.2d
\pmbraise@=\dimen110
)
(/usr/local/texlive/2012/texmf-dist/tex/latex/amsmath/amsopn.sty
Package: amsopn 1999/12/14 v2.01 operator names
)
\inf@bad=\count88
LaTeX Info: Redefining \frac on input line 211.
\uproot@=\count89
\leftroot@=\count90
LaTeX Info: Redefining \overline on input line 307.
\classnum@=\count91
\DOTSCASE@=\count92
LaTeX Info: Redefining \ldots on input line 379.
LaTeX Info: Redefining \dots on input line 382.
LaTeX Info: Redefining \cdots on input line 467.
\Mathstrutbox@=\box26
\strutbox@=\box27
\big@size=\dimen111
LaTeX Font Info:    Redeclaring font encoding OML on input line 567.
LaTeX Font Info:    Redeclaring font encoding OMS on input line 568.
\macc@depth=\count93
\c@MaxMatrixCols=\count94
\dotsspace@=\muskip10
\c@parentequation=\count95
\dspbrk@lvl=\count96
\tag@help=\toks22
\row@=\count97
\column@=\count98
\maxfields@=\count99
\andhelp@=\toks23
\eqnshift@=\dimen112
\alignsep@=\dimen113
\tagshift@=\dimen114
\tagwidth@=\dimen115
\totwidth@=\dimen116
\lineht@=\dimen117
\@envbody=\toks24
\multlinegap=\skip57
\multlinetaggap=\skip58
\mathdisplay@stack=\toks25
LaTeX Info: Redefining \[ on input line 2666.
LaTeX Info: Redefining \] on input line 2667.
)
(/usr/local/texlive/2012/texmf-dist/tex/latex/wrapfig/wrapfig.sty
\wrapoverhang=\dimen118
\WF@size=\dimen119
\c@WF@wrappedlines=\count100
\WF@box=\box28
\WF@everypar=\toks26
Package: wrapfig 2003/01/31  v 3.6
)
(/usr/local/texlive/2012/texmf-dist/tex/latex/float/float.sty
Package: float 2001/11/08 v1.3d Float enhancements (AL)
\c@float@type=\count101
\float@exts=\toks27
\float@box=\box29
\@float@everytoks=\toks28
\@floatcapt=\box30
)
(/usr/local/texlive/2012/texmf-dist/tex/latex/geometry/geometry.sty
Package: geometry 2010/09/12 v5.6 Page Geometry

(/usr/local/texlive/2012/texmf-dist/tex/generic/oberdiek/ifpdf.sty
Package: ifpdf 2011/01/30 v2.3 Provides the ifpdf switch (HO)
Package ifpdf Info: pdfTeX in PDF mode is detected.
)
(/usr/local/texlive/2012/texmf-dist/tex/generic/oberdiek/ifvtex.sty
Package: ifvtex 2010/03/01 v1.5 Detect VTeX and its facilities (HO)
Package ifvtex Info: VTeX not detected.
)
(/usr/local/texlive/2012/texmf-dist/tex/generic/ifxetex/ifxetex.sty
Package: ifxetex 2010/09/12 v0.6 Provides ifxetex conditional
)
\Gm@cnth=\count102
\Gm@cntv=\count103
\c@Gm@tempcnt=\count104
\Gm@bindingoffset=\dimen120
\Gm@wd@mp=\dimen121
\Gm@odd@mp=\dimen122
\Gm@even@mp=\dimen123
\Gm@layoutwidth=\dimen124
\Gm@layoutheight=\dimen125
\Gm@layouthoffset=\dimen126
\Gm@layoutvoffset=\dimen127
\Gm@dimlist=\toks29
)
(/usr/local/texlive/2012/texmf-dist/tex/latex/upquote/upquote.sty
Package: upquote 2012/04/19 v1.3 upright-quote and grave-accent glyphs in verba
tim
)
(./writeup.aux)
\openout1 = `writeup.aux'.

LaTeX Font Info:    Checking defaults for OML/cmm/m/it on input line 67.
LaTeX Font Info:    ... okay on input line 67.
LaTeX Font Info:    Checking defaults for T1/cmr/m/n on input line 67.
LaTeX Font Info:    ... okay on input line 67.
LaTeX Font Info:    Checking defaults for OT1/cmr/m/n on input line 67.
LaTeX Font Info:    ... okay on input line 67.
LaTeX Font Info:    Checking defaults for OMS/cmsy/m/n on input line 67.
LaTeX Font Info:    ... okay on input line 67.
LaTeX Font Info:    Checking defaults for OMX/cmex/m/n on input line 67.
LaTeX Font Info:    ... okay on input line 67.
LaTeX Font Info:    Checking defaults for U/cmr/m/n on input line 67.
LaTeX Font Info:    ... okay on input line 67.

(/usr/local/texlive/2012/texmf-dist/tex/context/base/supp-pdf.mkii
[Loading MPS to PDF converter (version 2006.09.02).]
\scratchcounter=\count105
\scratchdimen=\dimen128
\scratchbox=\box31
\nofMPsegments=\count106
\nofMParguments=\count107
\everyMPshowfont=\toks30
\MPscratchCnt=\count108
\MPscratchDim=\dimen129
\MPnumerator=\count109
\makeMPintoPDFobject=\count110
\everyMPtoPDFconversion=\toks31
) (/usr/local/texlive/2012/texmf-dist/tex/generic/oberdiek/pdftexcmds.sty
Package: pdftexcmds 2011/11/29 v0.20 Utility functions of pdfTeX for LuaTeX (HO
)

(/usr/local/texlive/2012/texmf-dist/tex/generic/oberdiek/ifluatex.sty
Package: ifluatex 2010/03/01 v1.3 Provides the ifluatex switch (HO)
Package ifluatex Info: LuaTeX not detected.
)
Package pdftexcmds Info: LuaTeX not detected.
Package pdftexcmds Info: \pdf@primitive is available.
Package pdftexcmds Info: \pdf@ifprimitive is available.
Package pdftexcmds Info: \pdfdraftmode found.
)
(/usr/local/texlive/2012/texmf-dist/tex/latex/oberdiek/epstopdf-base.sty
Package: epstopdf-base 2010/02/09 v2.5 Base part for package epstopdf

(/usr/local/texlive/2012/texmf-dist/tex/latex/oberdiek/grfext.sty
Package: grfext 2010/08/19 v1.1 Manage graphics extensions (HO)

(/usr/local/texlive/2012/texmf-dist/tex/generic/oberdiek/kvdefinekeys.sty
Package: kvdefinekeys 2011/04/07 v1.3 Define keys (HO)
))
(/usr/local/texlive/2012/texmf-dist/tex/latex/oberdiek/kvoptions.sty
Package: kvoptions 2011/06/30 v3.11 Key value format for package options (HO)

(/usr/local/texlive/2012/texmf-dist/tex/generic/oberdiek/kvsetkeys.sty
Package: kvsetkeys 2012/04/25 v1.16 Key value parser (HO)

(/usr/local/texlive/2012/texmf-dist/tex/generic/oberdiek/etexcmds.sty
Package: etexcmds 2011/02/16 v1.5 Avoid name clashes with e-TeX commands (HO)
Package etexcmds Info: Could not find \expanded.
(etexcmds)             That can mean that you are not using pdfTeX 1.50 or
(etexcmds)             that some package has redefined \expanded.
(etexcmds)             In the latter case, load this package earlier.
)))
Package grfext Info: Graphics extension search list:
(grfext)             [.png,.pdf,.jpg,.mps,.jpeg,.jbig2,.jb2,.PNG,.PDF,.JPG,.JPE
G,.JBIG2,.JB2,.eps]
(grfext)             \AppendGraphicsExtensions on input line 452.

(/usr/local/texlive/2012/texmf-dist/tex/latex/latexconfig/epstopdf-sys.cfg
File: epstopdf-sys.cfg 2010/07/13 v1.3 Configuration of (r)epstopdf for TeX Liv
e
))
*geometry* driver: auto-detecting
*geometry* detected driver: pdftex
*geometry* verbose mode - [ preamble ] result:
* driver: pdftex
* paper: <default>
* layout: <same size as paper>
* layoutoffset:(h,v)=(0.0pt,0.0pt)
* modes: 
* h-part:(L,W,R)=(72.26999pt, 469.75502pt, 72.26999pt)
* v-part:(T,H,B)=(72.26999pt, 650.43001pt, 72.26999pt)
* \paperwidth=614.295pt
* \paperheight=794.96999pt
* \textwidth=469.75502pt
* \textheight=650.43001pt
* \oddsidemargin=0.0pt
* \evensidemargin=0.0pt
* \topmargin=-37.0pt
* \headheight=12.0pt
* \headsep=25.0pt
* \topskip=10.0pt
* \footskip=30.0pt
* \marginparwidth=65.0pt
* \marginparsep=11.0pt
* \columnsep=10.0pt
* \skip\footins=9.0pt plus 4.0pt minus 2.0pt
* \hoffset=0.0pt
* \voffset=0.0pt
* \mag=1000
* \@twocolumnfalse
* \@twosidefalse
* \@mparswitchfalse
* \@reversemarginfalse
* (1in=72.27pt=25.4mm, 1cm=28.453pt)


Underfull \hbox (badness 10000) in paragraph at lines 80--81

 []


Underfull \hbox (badness 10000) in paragraph at lines 82--84

 []


LaTeX Warning: Citation `t' on page 1 undefined on input line 91.


Underfull \hbox (badness 10000) in paragraph at lines 91--92

 []

[1

{/usr/local/texlive/2012/texmf-var/fonts/map/pdftex/updmap/pdftex.map}]
<../figures/you_facet.png, id=11, 803.0pt x 702.625pt>
File: ../figures/you_facet.png Graphic file (type png)

<use ../figures/you_facet.png>
Package pdftex.def Info: ../figures/you_facet.png used on input line 98.
(pdftex.def)             Requested size: 400.00418pt x 249.99648pt.

<../figures/shoes.png, id=13, 652.4375pt x 359.3425pt>
File: ../figures/shoes.png Graphic file (type png)

<use ../figures/shoes.png>
Package pdftex.def Info: ../figures/shoes.png used on input line 109.
(pdftex.def)             Requested size: 220.00397pt x 124.99863pt.

Overfull \hbox (86.96492pt too wide) in paragraph at lines 109--110
[]\OT1/cmr/m/n/10 ss[] 
 []

<../figures/shoes_facet.png, id=14, 803.0pt x 602.25pt>
File: ../figures/shoes_facet.png Graphic file (type png)

<use ../figures/shoes_facet.png>
Package pdftex.def Info: ../figures/shoes_facet.png used on input line 113.
(pdftex.def)             Requested size: 400.00418pt x 119.99757pt.

Overfull \hbox (126.0372pt too wide) in paragraph at lines 113--115
[]\OT1/cmr/m/n/10 ss[]
 []

[2 <../figures/you_facet.png>]
<../figures/sunshower.png, id=21, 770.88pt x 359.3425pt>
File: ../figures/sunshower.png Graphic file (type png)

<use ../figures/sunshower.png>
Package pdftex.def Info: ../figures/sunshower.png used on input line 123.
(pdftex.def)             Requested size: 449.99257pt x 200.0022pt.

<../figures/sunshower_facet.png, id=22, 853.1875pt x 702.625pt>
File: ../figures/sunshower_facet.png Graphic file (type png)

<use ../figures/sunshower_facet.png>
Package pdftex.def Info: ../figures/sunshower_facet.png used on input line 133.

(pdftex.def)             Requested size: 550.03485pt x 300.01079pt.

Overfull \hbox (88.16872pt too wide) in paragraph at lines 133--134
 []\OT1/cmr/m/n/10 ss[] 
 []

[3 <../figures/shoes.png> <../figures/shoes_facet.png> <../figures/sunshower.pn
g>] <../figures/kmean4_dumb.png, id=29, 629.35126pt x 359.3425pt>
File: ../figures/kmean4_dumb.png Graphic file (type png)

<use ../figures/kmean4_dumb.png>
Package pdftex.def Info: ../figures/kmean4_dumb.png used on input line 143.
(pdftex.def)             Requested size: 300.0013pt x 180.00526pt.
 [4 <../figures/sunshower_facet.png>]
<../figures/kmean9_dumb.png, id=34, 903.375pt x 903.375pt>
File: ../figures/kmean9_dumb.png Graphic file (type png)

<use ../figures/kmean9_dumb.png>
Package pdftex.def Info: ../figures/kmean9_dumb.png used on input line 149.
(pdftex.def)             Requested size: 400.00877pt x 239.99974pt.
LaTeX Font Info:    Try loading font information for OMS+cmr on input line 157.


(/usr/local/texlive/2012/texmf-dist/tex/latex/base/omscmr.fd
File: omscmr.fd 1999/05/25 v2.5h Standard LaTeX font definitions
)
LaTeX Font Info:    Font shape `OMS/cmr/m/n' in size <10> not available
(Font)              Font shape `OMS/cmsy/m/n' tried instead on input line 157.
 [5 <../figures/kmean4_dumb.png> <../figures/kmean9_dumb.png>]
Underfull \hbox (badness 10000) in paragraph at lines 164--165

 []


Underfull \hbox (badness 10000) in paragraph at lines 166--167

 []


Underfull \hbox (badness 10000) in paragraph at lines 168--169

 []

[6] <../figures/85_7.png, id=47, 606.265pt x 401.5pt>
File: ../figures/85_7.png Graphic file (type png)

<use ../figures/85_7.png>
Package pdftex.def Info: ../figures/85_7.png used on input line 175.
(pdftex.def)             Requested size: 250.00414pt x 150.00462pt.

Overfull \hbox (23.01552pt too wide) in paragraph at lines 175--176
[]\OT1/cmr/m/n/10 ss[] 
 []

<../figures/85_9.png, id=48, 582.175pt x 360.34625pt>
File: ../figures/85_9.png Graphic file (type png)

<use ../figures/85_9.png>
Package pdftex.def Info: ../figures/85_9.png used on input line 179.
(pdftex.def)             Requested size: 249.99281pt x 149.99727pt.

Overfull \hbox (23.0042pt too wide) in paragraph at lines 179--180
[]\OT1/cmr/m/n/10 ss[] 
 []


Overfull \hbox (2.2222pt too wide) in paragraph at lines 174--182
[]$[]$ $[]$ 
 []

<../figures/95_7.png, id=49, 634.37pt x 360.34625pt>
File: ../figures/95_7.png Graphic file (type png)
 <use ../figures/95_7.png>
Package pdftex.def Info: ../figures/95_7.png used on input line 186.
(pdftex.def)             Requested size: 249.99745pt x 149.99727pt.

Overfull \hbox (23.00883pt too wide) in paragraph at lines 186--187
[]\OT1/cmr/m/n/10 ss[] 
 []

<../figures/95_9.png, id=50, 634.37pt x 360.34625pt>
File: ../figures/95_9.png Graphic file (type png)
 <use ../figures/95_9.png>
Package pdftex.def Info: ../figures/95_9.png used on input line 190.
(pdftex.def)             Requested size: 249.99745pt x 149.99727pt.

Overfull \hbox (23.00883pt too wide) in paragraph at lines 190--191
[]\OT1/cmr/m/n/10 ss[] 
 []


Overfull \hbox (2.2222pt too wide) in paragraph at lines 185--193
[]$[]$ $[]$ 
 []


Underfull \hbox (badness 10000) in paragraph at lines 197--198

 []

<../figures/Rplot01.png, id=51, 903.375pt x 903.375pt>
File: ../figures/Rplot01.png Graphic file (type png)

<use ../figures/Rplot01.png>
Package pdftex.def Info: ../figures/Rplot01.png used on input line 202.
(pdftex.def)             Requested size: 550.02412pt x 380.00764pt.

Overfull \hbox (84.21355pt too wide) in paragraph at lines 202--203
[]\OT1/cmr/m/n/10 s[] 
 []


Underfull \hbox (badness 10000) in paragraph at lines 199--205

 []

[7 <../figures/95_7.png> <../figures/95_9.png> <../figures/85_7.png> <../figure
s/85_9.png>] <../figures/4clustersmall.png, id=60, 848.16875pt x 359.3425pt>
File: ../figures/4clustersmall.png Graphic file (type png)

<use ../figures/4clustersmall.png>
Package pdftex.def Info: ../figures/4clustersmall.png used on input line 212.
(pdftex.def)             Requested size: 250.00053pt x 150.00165pt.

Overfull \hbox (23.01192pt too wide) in paragraph at lines 212--213
[]\OT1/cmr/m/n/10 ss[] 
 []

<../figures/7clustersmall.png, id=61, 809.0225pt x 359.3425pt>
File: ../figures/7clustersmall.png Graphic file (type png)

<use ../figures/7clustersmall.png>
Package pdftex.def Info: ../figures/7clustersmall.png used on input line 216.
(pdftex.def)             Requested size: 249.99197pt x 150.00165pt.

Overfull \hbox (23.00336pt too wide) in paragraph at lines 216--217
[]\OT1/cmr/m/n/10 ss[] 
 []


Overfull \hbox (2.2222pt too wide) in paragraph at lines 211--219
[]$[]$ $[]$ 
 []

[8 <../figures/Rplot01.png>]
<../figures/9clustersmall.png, id=66, 690.58pt x 359.3425pt>
File: ../figures/9clustersmall.png Graphic file (type png)

<use ../figures/9clustersmall.png>
Package pdftex.def Info: ../figures/9clustersmall.png used on input line 223.
(pdftex.def)             Requested size: 249.99954pt x 150.00165pt.

Overfull \hbox (23.01093pt too wide) in paragraph at lines 223--224
[]\OT1/cmr/m/n/10 ss[] 
 []

<../figures/11clustersmall.png, id=67, 690.58pt x 359.3425pt>
File: ../figures/11clustersmall.png Graphic file (type png)

<use ../figures/11clustersmall.png>
Package pdftex.def Info: ../figures/11clustersmall.png used on input line 227.
(pdftex.def)             Requested size: 249.99954pt x 150.00165pt.

Overfull \hbox (23.01093pt too wide) in paragraph at lines 227--228
[]\OT1/cmr/m/n/10 ss[] 
 []


Overfull \hbox (2.2222pt too wide) in paragraph at lines 222--230
[]$[]$ $[]$ 
 []

<../figures/L1_9.png, id=68, 617.30624pt x 361.35pt>
File: ../figures/L1_9.png Graphic file (type png)
 <use ../figures/L1_9.png>
Package pdftex.def Info: ../figures/L1_9.png used on input line 237.
(pdftex.def)             Requested size: 249.99823pt x 150.00156pt.

Overfull \hbox (23.00961pt too wide) in paragraph at lines 237--238
[]\OT1/cmr/m/n/10 ss[] 
 []

<../figures/L1_11.png, id=69, 617.30624pt x 361.35pt>
File: ../figures/L1_11.png Graphic file (type png)

<use ../figures/L1_11.png>
Package pdftex.def Info: ../figures/L1_11.png used on input line 241.
(pdftex.def)             Requested size: 249.99823pt x 150.00156pt.

Overfull \hbox (23.00961pt too wide) in paragraph at lines 241--242
[]\OT1/cmr/m/n/10 ss[] 
 []


Overfull \hbox (2.2222pt too wide) in paragraph at lines 236--244
[]$[]$ $[]$ 
 []

[9 <../figures/4clustersmall.png> <../figures/7clustersmall.png> <../figures/9c
lustersmall.png> <../figures/11clustersmall.png>]
<../figures/pam9.png, id=77, 638.385pt x 361.35pt>
File: ../figures/pam9.png Graphic file (type png)
 <use ../figures/pam9.png>
Package pdftex.def Info: ../figures/pam9.png used on input line 249.
(pdftex.def)             Requested size: 250.00168pt x 150.00156pt.

Overfull \hbox (23.01306pt too wide) in paragraph at lines 249--250
[]\OT1/cmr/m/n/10 ss[] 
 []

<../figures/pam11.png, id=78, 638.385pt x 361.35pt>
File: ../figures/pam11.png Graphic file (type png)
 <use ../figures/pam11.png>
Package pdftex.def Info: ../figures/pam11.png used on input line 253.
(pdftex.def)             Requested size: 250.00168pt x 150.00156pt.

Overfull \hbox (23.01306pt too wide) in paragraph at lines 253--254
[]\OT1/cmr/m/n/10 ss[] 
 []


Overfull \hbox (2.2222pt too wide) in paragraph at lines 248--256
[]$[]$ $[]$ 
 []


Underfull \hbox (badness 10000) in paragraph at lines 259--260

 []


Underfull \hbox (badness 10000) in paragraph at lines 266--267

 []

[10 <../figures/L1_9.png> <../figures/L1_11.png> <../figures/pam9.png> <../figu
res/pam11.png>]
Underfull \hbox (badness 10000) in paragraph at lines 268--269

 []


Underfull \hbox (badness 10000) in paragraph at lines 273--274

 []

<../figures/Rplot02.png, id=86, 476.78125pt x 359.3425pt>
File: ../figures/Rplot02.png Graphic file (type png)

<use ../figures/Rplot02.png>
Package pdftex.def Info: ../figures/Rplot02.png used on input line 287.
(pdftex.def)             Requested size: 250.00107pt x 150.00165pt.

Overfull \hbox (23.01245pt too wide) in paragraph at lines 287--288
[]\OT1/cmr/m/n/10 ss[] 
 []

<../figures/height_density.png, id=87, 542.025pt x 359.3425pt>
File: ../figures/height_density.png Graphic file (type png)

<use ../figures/height_density.png>
Package pdftex.def Info: ../figures/height_density.png used on input line 291.
(pdftex.def)             Requested size: 249.99617pt x 150.00165pt.

Overfull \hbox (23.00755pt too wide) in paragraph at lines 291--292
[]\OT1/cmr/m/n/10 ss[] 
 []


Overfull \hbox (2.2222pt too wide) in paragraph at lines 286--294
[]$[]$ $[]$ 
 []

<../figures/loess_smooth.png, id=88, 761.84625pt x 359.3425pt>
File: ../figures/loess_smooth.png Graphic file (type png)

<use ../figures/loess_smooth.png>
Package pdftex.def Info: ../figures/loess_smooth.png used on input line 300.
(pdftex.def)             Requested size: 399.99852pt x 400.03183pt.
 [11 <../figures/Rplot02.png> <../figures/height_density.png>] [12 <../figures/
loess_smooth.png>] (./writeup.aux)

LaTeX Warning: There were undefined references.

 ) 
Here is how much of TeX's memory you used:
 3155 strings out of 493488
 44384 string characters out of 3141326
 115309 words of memory out of 3000000
 6384 multiletter control sequences out of 15000+200000
 9376 words of font info for 34 fonts, out of 3000000 for 9000
 957 hyphenation exceptions out of 8191
 38i,11n,43p,1876b,300s stack positions out of 5000i,500n,10000p,200000b,50000s
</usr/local/texlive/2012/texmf-dist/fonts/type1/public/amsfonts/cm/cmbx10.pfb
></usr/local/texlive/2012/texmf-dist/fonts/type1/public/amsfonts/cm/cmbx12.pfb>
</usr/local/texlive/2012/texmf-dist/fonts/type1/public/amsfonts/cm/cmmi10.pfb><
/usr/local/texlive/2012/texmf-dist/fonts/type1/public/amsfonts/cm/cmr10.pfb></u
sr/local/texlive/2012/texmf-dist/fonts/type1/public/amsfonts/cm/cmr12.pfb></usr
/local/texlive/2012/texmf-dist/fonts/type1/public/amsfonts/cm/cmr17.pfb></usr/l
ocal/texlive/2012/texmf-dist/fonts/type1/public/amsfonts/cm/cmr6.pfb></usr/loca
l/texlive/2012/texmf-dist/fonts/type1/public/amsfonts/cm/cmr7.pfb></usr/local/t
exlive/2012/texmf-dist/fonts/type1/public/amsfonts/cm/cmr8.pfb></usr/local/texl
ive/2012/texmf-dist/fonts/type1/public/amsfonts/cm/cmsl10.pfb></usr/local/texli
ve/2012/texmf-dist/fonts/type1/public/amsfonts/cm/cmsy10.pfb>
Output written on writeup.pdf (12 pages, 3330585 bytes).
PDF statistics:
 134 PDF objects out of 1000 (max. 8388607)
 62 compressed objects within 1 object stream
 0 named destinations out of 1000 (max. 500000)
 116 words of extra memory for PDF output out of 10000 (max. 10000000)

